Cloning into 'mce-plugin-libhybris'...
Already up-to-date.

Executing(%build): /bin/sh -e /var/tmp/rpm-tmp.YrtT16
+ umask 022
+ cd /home/neerad/mer/android/droid/hybris/mw/mce-plugin-libhybris
+ LANG=C
+ export LANG
+ unset DISPLAY
+ CFLAGS='-O2 -g -pipe -Wall -Wp,-D_FORTIFY_SOURCE=2 -fexceptions -fstack-protector --param=ssp-buffer-size=4 -Wformat -Wformat-security -fmessage-length=0 -march=armv7-a -mfloat-abi=hard -mfpu=neon -mthumb -Wno-psabi'
+ export CFLAGS
+ CXXFLAGS='-O2 -g -pipe -Wall -Wp,-D_FORTIFY_SOURCE=2 -fexceptions -fstack-protector --param=ssp-buffer-size=4 -Wformat -Wformat-security -fmessage-length=0 -march=armv7-a -mfloat-abi=hard -mfpu=neon -mthumb -Wno-psabi'
+ export CXXFLAGS
+ FFLAGS='-O2 -g -pipe -Wall -Wp,-D_FORTIFY_SOURCE=2 -fexceptions -fstack-protector --param=ssp-buffer-size=4 -Wformat -Wformat-security -fmessage-length=0 -march=armv7-a -mfloat-abi=hard -mfpu=neon -mthumb -Wno-psabi -I/usr/lib/gfortran/modules'
+ export FFLAGS
+ LD_AS_NEEDED=1
+ export LD_AS_NEEDED
+ make
cc -c -o hybris.pic.o hybris.c -fPIC -D_GNU_SOURCE -D_FILE_OFFSET_BITS=64 -D_THREAD_SAFE  -I/usr/include/glib-2.0 -I/usr/lib/glib-2.0/include -I/usr/lib/droid-devel/droid-headers -O2 -g -pipe -Wall -Wp,-D_FORTIFY_SOURCE=2 -fexceptions -fstack-protector --param=ssp-buffer-size=4 -Wformat -Wformat-security -fmessage-length=0 -march=armv7-a -mfloat-abi=hard -mfpu=neon -mthumb -Wno-psabi -Wall -W -Wmissing-prototypes -Os -g -std=c99 
cc -o hybris.so -shared hybris.pic.o -g -Wl,--as-needed -lpthread -lglib-2.0 -lhardware   -lhardware -lm
+ exit 0
Executing(%install): /bin/sh -e /var/tmp/rpm-tmp.zHqKbO
+ umask 022
+ cd /home/neerad/mer/android/droid/hybris/mw/mce-plugin-libhybris
+ '[' /home/neerad/mer/android/droid/hybris/mw/mce-plugin-libhybris/installroot '!=' / ']'
+ rm -rf /home/neerad/mer/android/droid/hybris/mw/mce-plugin-libhybris/installroot
++ dirname /home/neerad/mer/android/droid/hybris/mw/mce-plugin-libhybris/installroot
+ mkdir -p /home/neerad/mer/android/droid/hybris/mw/mce-plugin-libhybris
+ mkdir /home/neerad/mer/android/droid/hybris/mw/mce-plugin-libhybris/installroot
+ LANG=C
+ export LANG
+ unset DISPLAY
+ rm -rf /home/neerad/mer/android/droid/hybris/mw/mce-plugin-libhybris/installroot
+ make install DESTDIR=/home/neerad/mer/android/droid/hybris/mw/mce-plugin-libhybris/installroot
install -d -m755 /home/neerad/mer/android/droid/hybris/mw/mce-plugin-libhybris/installroot/usr/lib/mce/modules
install -m644 hybris.so /home/neerad/mer/android/droid/hybris/mw/mce-plugin-libhybris/installroot/usr/lib/mce/modules/
+ chmod 755 /home/neerad/mer/android/droid/hybris/mw/mce-plugin-libhybris/installroot/usr/lib/mce/modules/hybris.so
+ /usr/lib/rpm/check-buildroot
+ /usr/lib/rpm/meego/brp-compress
+ /usr/lib/rpm/meego/brp-strip /usr/bin/strip
+ /usr/lib/rpm/meego/brp-strip-static-archive /usr/bin/strip
+ /usr/lib/rpm/meego/brp-strip-comment-note /usr/bin/strip /usr/bin/objdump
+ /usr/lib/rpm/brp-python-bytecompile
+ /usr/lib/rpm/meego/brp-python-hardlink
+ /usr/lib/rpm/meego/find-docs.sh /home/neerad/mer/android/droid/hybris/mw/mce-plugin-libhybris/installroot
+ /usr/lib/rpm/meego/brp-java-repack-jars
Processing files: mce-plugin-libhybris-1.8.0-1.armv7hl
Executing(%doc): /bin/sh -e /var/tmp/rpm-tmp.jaeYyg
+ umask 022
+ cd /home/neerad/mer/android/droid/hybris/mw/mce-plugin-libhybris
+ DOCDIR=/home/neerad/mer/android/droid/hybris/mw/mce-plugin-libhybris/installroot/usr/share/doc/mce-plugin-libhybris-1.8.0
+ export DOCDIR
+ /bin/mkdir -p /home/neerad/mer/android/droid/hybris/mw/mce-plugin-libhybris/installroot/usr/share/doc/mce-plugin-libhybris-1.8.0
+ cp -pr COPYING /home/neerad/mer/android/droid/hybris/mw/mce-plugin-libhybris/installroot/usr/share/doc/mce-plugin-libhybris-1.8.0
+ exit 0
Provides: hybris.so
Requires(interp): /bin/sh /bin/sh /bin/sh /bin/sh
Requires(rpmlib): rpmlib(CompressedFileNames) <= 3.0.4-1 rpmlib(FileDigests) <= 4.6.0-1 rpmlib(PayloadFilesHavePrefix) <= 4.0-1
Requires(pre): /bin/sh systemd
Requires(post): /bin/sh systemd
Requires(preun): /bin/sh systemd
Requires(postun): /bin/sh systemd
Requires: ld-linux-armhf.so.3 ld-linux-armhf.so.3(GLIBC_2.4) libc.so.6 libc.so.6(GLIBC_2.4) libc.so.6(GLIBC_2.8) libgcc_s.so.1 libgcc_s.so.1(GCC_3.5) libglib-2.0.so.0 libhardware.so.2 libm.so.6 libm.so.6(GLIBC_2.4) libpthread.so.0 libpthread.so.0(GLIBC_2.4) rtld(GNU_HASH)
Checking for unpackaged file(s): /usr/lib/rpm/check-files /home/neerad/mer/android/droid/hybris/mw/mce-plugin-libhybris/installroot
warning: Could not canonicalize hostname: neerad-Satellite-L850
Wrote: /home/neerad/mer/android/droid/hybris/mw/mce-plugin-libhybris/RPMS/mce-plugin-libhybris-1.8.0-1.armv7hl.rpm
Spawning worker 0 with 45 pkgs
Workers Finished
Gathering worker results

Saving Primary metadata
Saving file lists metadata
Saving other metadata
Generating sqlite DBs
Sqlite DBs complete
connman not AVAILABLE 
DBus call failed, falling back to libssu
Loading repository data...
Reading installed packages...
Forcing installation of 'mce-plugin-libhybris-1.8.0-1.armv7hl' from repository 'Plain RPM files cache'.
There is an update candidate 'mce-plugin-libhybris-1.8.0-10.3.1.jolla.armv7hl' for 'mce-plugin-libhybris-1.8.0-1.armv7hl', but it does not match specified version, architecture, or repository.
There is an update candidate for 'mce-plugin-libhybris', but it is from different vendor. Use 'zypper install mce-plugin-libhybris-1.8.0-10.3.1.jolla.armv7hl' to install this candidate.
Resolving package dependencies...

The following package is going to be reinstalled:
  mce-plugin-libhybris 

1 package to reinstall.
Overall download size: 42.2 KiB. No additional space will be used or freed after the operation.
Continue? [y/n/?] (y): y
Retrieving package mce-plugin-libhybris-1.8.0-1.armv7hl                                                                                                                                                                                                                                                                                                                                                                                                                                                                                                                                                                                                                                                                                                                                                                                                                                                                                                                                                                                                                                                                                                                                                                                                                                                                                                                                                                                                                                                                                                                                                                                                                                                                                                                                                                                                                                                                                                                                                                                                                                                                                                                                                                                                                                                                                                                                                                                                                                                                                                                                                                                                                                                                                                                                                                                                                                                                                                                                                                                                                                                                                                                                                                                                                                                                                                                                                                                                                                                                                                                                                                                                                                                                                                                                                                                                                                                                                                                                                                                                                                                                                                                                                                                                                                                                                                                                                                                                                                                                                                                                                                                                                                                                                                                                                                                                                                                                                                                                                                                                                                                                                                                                                                                                                                                                                                                                                                                                                                                                                                                                                                                                                                                                                                                                                                                                                                                                                                                                                                                                                                                                                                                                                                                                                                                                                                                                                                                                                                                                                                                                                                                                                                                                                                                                                                                                                                                                                                                                                                                                                                                                                                                                                                                                                                                                                                                                                                                                                                                                                                                                                                                                                                                                                                                                                                                                                                                                                                                                                                                                                                                                                                                                                                                                                                                                                                                                                                                                                                                                                                                                                                                                                                                                                                                                                                                                                                                                                                                                                                                                                                                                                                                                                                                                                                                                                                                                                                                                                                                                                                                                                                                                                                                                                                                                                                                                                                                                                                                                                                                                                                                                                                                                                                                                                                                                                                                    (1/1),  42.2 KiB (106.0 KiB unpacked)
Retrieving package mce-plugin-libhybris-1.8.0-1.armv7hl                                                                                                                                                                                                                                                                                                                                                                                                                                                                                                                                                                                                                                                                                                                                                                                                                                                                                                                                                                                                                                                                                                                                                                                                                                                                                                                                                                                                                                                                                                                                                                                                                                                                                                                                                                                                                                                                                                                                                                                                                                                                                                                                                                                                                                                                                                                                                                                                                                                                                                                                                                                                                                                                                                                                                                                                                                                                                                                                                                                                                                                                                                                                                                                                                                                                                                                                                                                                                                                                                                                                                                                                                                                                                                                                                                                                                                                                                                                                                                                                                                                                                                                                                                                                                                                                                                                                                                                                                                                                                                                                                                                                                                                                                                                                                                                                                                                                                                                                                                                                                                                                                                                                                                                                                                                                                                                                                                                                                                                                                                                                                                                                                                                                                                                                                                                                                                                                                                                                                                                                                                                                                                                                                                                                                                                                                                                                                                                                                                                                                                                                                                                                                                                                                                                                                                                                                                                                                                                                                                                                                                                                                                                                                                                                                                                                                                                                                                                                                                                                                                                                                                                                                                                                                                                                                                                                                                                                                                                                                                                                                                                                                                                                                                                                                                                                                                                                                                                                                                                                                                                                                                                                                                                                                                                                                                                                                                                                                                                                                                                                                                                                                                                                                                                                                                                                                                                                                                                                                                                                                                                                                                                                                                                                                                                                                                                                                                                                                                                                                                                                                                                                                                                                                                                                                                                                                                                    (1/1),  42.2 KiB (106.0 KiB unpacked)
Installing: mce-plugin-libhybris-1.8.0-1 [....done]
Additional rpm output:
Failed to get D-Bus connection: No connection to service manager.
Failed to get D-Bus connection: No connection to service manager.


